Started GET "/users" for 127.0.0.1 at 2018-04-04 10:15:31 -0300
  
ActionController::RoutingError (No route matches [GET] "/users"):
  
actionpack (5.1.6) lib/action_dispatch/middleware/debug_exceptions.rb:63:in `call'
actionpack (5.1.6) lib/action_dispatch/middleware/show_exceptions.rb:31:in `call'
railties (5.1.6) lib/rails/rack/logger.rb:36:in `call_app'
railties (5.1.6) lib/rails/rack/logger.rb:24:in `block in call'
activesupport (5.1.6) lib/active_support/tagged_logging.rb:69:in `block in tagged'
activesupport (5.1.6) lib/active_support/tagged_logging.rb:26:in `tagged'
activesupport (5.1.6) lib/active_support/tagged_logging.rb:69:in `tagged'
railties (5.1.6) lib/rails/rack/logger.rb:24:in `call'
actionpack (5.1.6) lib/action_dispatch/middleware/remote_ip.rb:79:in `call'
actionpack (5.1.6) lib/action_dispatch/middleware/request_id.rb:25:in `call'
rack (2.0.4) lib/rack/runtime.rb:22:in `call'
activesupport (5.1.6) lib/active_support/cache/strategy/local_cache_middleware.rb:27:in `call'
actionpack (5.1.6) lib/action_dispatch/middleware/executor.rb:12:in `call'
actionpack (5.1.6) lib/action_dispatch/middleware/static.rb:125:in `call'
rack (2.0.4) lib/rack/sendfile.rb:111:in `call'
railties (5.1.6) lib/rails/engine.rb:522:in `call'
puma (3.11.3) lib/puma/configuration.rb:225:in `call'
puma (3.11.3) lib/puma/server.rb:624:in `handle_request'
puma (3.11.3) lib/puma/server.rb:438:in `process_client'
puma (3.11.3) lib/puma/server.rb:302:in `block in run'
puma (3.11.3) lib/puma/thread_pool.rb:120:in `block in spawn_thread'
Started GET "/users" for 127.0.0.1 at 2018-04-04 10:15:44 -0300
Processing by UsersController#index as */*
No template found for UsersController#index, rendering head :no_content
Completed 204 No Content in 472ms


Started GET "/users" for 127.0.0.1 at 2018-04-04 10:16:09 -0300
Processing by UsersController#index as */*
  Rendering users/index.json.jbuilder
  Rendered users/index.json.jbuilder (430.2ms)
Completed 500 Internal Server Error in 502ms


  
ActionView::Template::Error (undefined local variable or method `﻿json' for #<#<Class:0x007fb074d03140>:0x007fb074cf9168>
Did you mean?  json
               JSON):
    1: ﻿json.users(@users) do |user|
    2:   json.(user, :id, :name)
    3: end
  
app/views/users/index.json.jbuilder:1:in `_app_views_users_index_json_jbuilder___905405837090762608_70197936301000'
Started GET "/users" for 127.0.0.1 at 2018-04-04 10:16:52 -0300
Processing by UsersController#index as */*
  Rendering users/index.json.jbuilder
  Rendered users/index.json.jbuilder (294.4ms)
Completed 500 Internal Server Error in 349ms


  
ActionView::Template::Error (undefined local variable or method `﻿json' for #<#<Class:0x007fb074d03140>:0x007fb075c45fe0>
Did you mean?  json
               JSON):
    1: ﻿json.anything '123'
  
app/views/users/index.json.jbuilder:1:in `_app_views_users_index_json_jbuilder___905405837090762608_70197933390560'
Started GET "/users" for 127.0.0.1 at 2018-04-04 10:17:56 -0300
Processing by UsersController#index as */*
  Rendering users/index.json.jbuilder
  Rendered users/index.json.jbuilder (319.5ms)
Completed 500 Internal Server Error in 501ms


  
ActionView::Template::Error (undefined local variable or method `﻿json' for #<#<Class:0x007fb00b243de0>:0x007fb00b233cb0>
Did you mean?  json
               JSON):
    1: ﻿json.anything '123'
  
app/views/users/index.json.jbuilder:1:in `_app_views_users_index_json_jbuilder___2818099992439133559_70197034158660'
Started GET "/users" for 127.0.0.1 at 2018-04-04 10:20:58 -0300
Processing by UsersController#index as */*
  Rendering users/index.json.jbuilder
  Rendered users/index.json.jbuilder (274.9ms)
Completed 500 Internal Server Error in 305ms


  
ActionView::Template::Error (undefined local variable or method `﻿json' for #<#<Class:0x007fb009e6f940>:0x007fb00ab3bbd8>
Did you mean?  json
               JSON):
    1: ﻿json.anything '123'
  
app/views/users/index.json.jbuilder:1:in `_app_views_users_index_json_jbuilder___2818099992439133559_70197035254120'
app/controllers/users_controller.rb:3:in `index'
Started GET "/users" for 127.0.0.1 at 2018-04-04 10:26:26 -0300
Processing by UsersController#index as */*
  Rendering users/index.json.jbuilder
  Rendered users/index.json.jbuilder (312.6ms)
Completed 500 Internal Server Error in 460ms


  
ActionView::Template::Error (undefined local variable or method `﻿json' for #<#<Class:0x007f8941cf5b08>:0x007f8942238ea8>
Did you mean?  json
               JSON):
    1: ﻿json.anything '123'
  
app/views/users/index.json.jbuilder:1:in `_app_views_users_index_json_jbuilder__1658231827947230006_70113745595920'
app/controllers/users_controller.rb:3:in `index'
